17:24:42.623 [main] INFO  com.intuit.karate.Runner - using system property 'karate.options': --tags @TEST-7
17:24:42.718 [main] INFO  com.intuit.karate.Runner - using system property 'karate.env': cert
17:24:42.802 [main] DEBUG com.intuit.karate.Suite - [config] classpath:karate-config.js
17:24:43.883 [main] INFO  com.intuit.karate - karate.env system property was: cert 
17:24:43.935 [main] INFO  c.intuit.karate.core.FeatureRuntime - classpath:examples/users/users.feature - call by tag at line 10: crearMascota
17:24:44.264 [main] DEBUG com.intuit.karate - request:
1 > POST https://petstore.swagger.io/v2/pet
1 > Content-Type: application/json; charset=UTF-8
1 > Content-Length: 169
1 > Host: petstore.swagger.io
1 > Connection: Keep-Alive
1 > User-Agent: Apache-HttpClient/4.5.14 (Java/21.0.7)
1 > Accept-Encoding: gzip,deflate
{"id":10,"category":{"id":1,"name":"Dogs"},"name":"Fido","photoUrls":["https:\/\/example.com\/imagen\/dog.jpg"],"tags":[{"id":1,"name":"friendly"}],"status":"available"}

17:24:45.037 [main] DEBUG com.intuit.karate - response time in milliseconds: 766
1 < 200
1 < Date: Sat, 21 Feb 2026 22:24:45 GMT
1 < Content-Type: application/json
1 < Transfer-Encoding: chunked
1 < Connection: keep-alive
1 < Access-Control-Allow-Origin: *
1 < Access-Control-Allow-Methods: GET, POST, DELETE, PUT
1 < Access-Control-Allow-Headers: Content-Type, api_key, Authorization
1 < Server: Jetty(9.2.9.v20150224)
{"id":10,"category":{"id":1,"name":"Dogs"},"name":"Fido","photoUrls":["https://example.com/imagen/dog.jpg"],"tags":[{"id":1,"name":"friendly"}],"status":"available"}

17:24:45.043 [main] INFO  com.intuit.karate - [print] {
  "id": 10,
  "category": {
    "id": 1,
    "name": "Dogs"
  },
  "name": "Fido",
  "photoUrls": [
    "https://example.com/imagen/dog.jpg"
  ],
  "tags": [
    {
      "id": 1,
      "name": "friendly"
    }
  ],
  "status": "available"
}
 
17:24:45.058 [main] DEBUG com.intuit.karate - request:
1 > GET https://petstore.swagger.io/v2/pet/10
1 > Host: petstore.swagger.io
1 > Connection: Keep-Alive
1 > User-Agent: Apache-HttpClient/4.5.14 (Java/21.0.7)
1 > Accept-Encoding: gzip,deflate


17:24:45.402 [main] DEBUG com.intuit.karate - response time in milliseconds: 344
1 < 200
1 < Date: Sat, 21 Feb 2026 22:24:45 GMT
1 < Content-Type: application/json
1 < Transfer-Encoding: chunked
1 < Connection: keep-alive
1 < Access-Control-Allow-Origin: *
1 < Access-Control-Allow-Methods: GET, POST, DELETE, PUT
1 < Access-Control-Allow-Headers: Content-Type, api_key, Authorization
1 < Server: Jetty(9.2.9.v20150224)
{"id":10,"category":{"id":1,"name":"Dogs"},"name":"Fido","photoUrls":["https://example.com/imagen/dog.jpg"],"tags":[{"id":1,"name":"friendly"}],"status":"available"}

17:24:45.415 [main] INFO  com.intuit.karate - [print] {
  "id": 10,
  "category": {
    "id": 1,
    "name": "Dogs"
  },
  "name": "Fido",
  "photoUrls": [
    "https://example.com/imagen/dog.jpg"
  ],
  "tags": [
    {
      "id": 1,
      "name": "friendly"
    }
  ],
  "status": "available"
}
 
